2023-02-11 22:14:01,422 - root - DEBUG - ('78519169', 'AMFU3270385', 18243.478, '22SEE22X2I57VLQCA0', 1016, '51059328')
2023-02-11 22:14:01,483 - root - DEBUG - ('77997986', 'UACU3904020', 14412.926, '22SEE493IU4R428G98', 766, '51059536')
2023-02-11 22:14:01,541 - root - DEBUG - ('GOTC05462300', 'TRLU7449027', 19771.0, '22SEE4ZCAL55AK0C57', 1452, '51060006')
2023-02-11 22:14:01,605 - root - DEBUG - ('77147038', 'TGHU1513324', 14662.944, '22SEE32TSS1RMNMCR6', 748, '51060056')
2023-02-11 22:14:01,668 - root - DEBUG - ('GOTC03831800', 'GCXU2238670', 17905.5, '22SEE3STXS402V8PX9', 1155, '51060759')
2023-02-11 22:14:01,722 - root - DEBUG - ('GOTC06358800', 'TCKU4209793', 19308.0, '22SEE6CWB21LN0U539', 968, '51060876')
2023-02-11 22:14:01,772 - root - DEBUG - ('GOTC05031900', 'TGBU4495433', 18851.0, '22SEE4YY553JOH26F7', 1210, '51060880')
2023-02-11 22:14:01,829 - root - DEBUG - ('GOTC03763500', 'TTNU3728317', 2208.0, '22SEE3VMUJ2NDW0738', 160, '51061252')
2023-02-11 22:14:01,878 - root - DEBUG - ('16000229', 'FANU1709851', 22161.0, '22SEE2HT2Z5U974EL7', 1352, '51061295')
2023-02-11 22:14:01,930 - root - DEBUG - ('GOTC01767700', 'GAOU6636958', 22757.0, '22SEE21LZF4EC5A1V3', 1144, '51061301')
2023-02-11 22:14:01,980 - root - DEBUG - ('GOTC01766600', 'ONEU0210770', 22740.0, '22SEE22S023QUZ6GP8', 1144, '51061305')
2023-02-11 22:14:02,034 - root - DEBUG - ('10713578', 'FANU1678745', 18466.0, '22SEE45DAX5M4Q81L2', 1210, '51061417')
2023-02-11 22:14:02,090 - root - DEBUG - ('79309677', 'TGHU6604617', 18721.0, '22SEE32A812L2KU2C0', 1144, '51061418')
2023-02-11 22:14:02,138 - root - DEBUG - ('78621346', 'HLBU2803876', 18458.0, '22SEE3D52E12RN2PN4', 1210, '51061420')
2023-02-11 22:14:02,188 - root - DEBUG - ('35347805', 'UACU5433757', 19134.0, '22SEE58AZM1NMYUG20', 968, '51061488')
2023-02-11 22:14:02,237 - root - DEBUG - ('79113011', 'HLBU3438628', 19083.0, '22SEE3VKLN1BCGU3K9', 968, '51061489')
2023-02-11 22:14:02,286 - root - DEBUG - ('78125836', 'FANU1723314', 17835.25, '22SEE2G4MQ0E35IFE2', 903, '51061490')
2023-02-11 22:14:02,347 - root - DEBUG - ('2GOT001204', 'MRKU9282866', 17575.0, '22SEE2TKJ832HC6E30', 1696, '51061554')
2023-02-11 22:14:02,400 - root - DEBUG - ('2GOT001206', 'MSKU2520959', 16948.0, '22SEE2RHW31NH5E5Q5', 2310, '51061555')
2023-02-11 22:14:02,451 - root - DEBUG - ('2GOT001949', 'MSKU7172563', 18195.0, '22SEE4YNQG0T3L2R40', 920, '51061556')
2023-02-11 22:14:02,501 - root - DEBUG - ('2GOT001945', 'SUDU7627748', 18179.0, '22SEE5MRPQ0MVS49G0', 920, '51061557')
2023-02-11 22:14:02,556 - root - DEBUG - ('2GOT001505', 'MRKU7532781', 18391.0, '22SEE3E1E23E8500H3', 920, '51061558')
2023-02-11 22:14:02,629 - root - DEBUG - ('GOTC02117400', 'CRXU1267598', 17140.0, '22SEE2GHJJ15MQGHM6', 2310, '51061582')
2023-02-11 22:14:02,685 - root - DEBUG - ('GOTC02116300', 'TCLU3570258', 17134.0, '22SEE2GHJP3WATG7D0', 2310, '51061584')
2023-02-11 22:14:02,734 - root - DEBUG - ('GOTC01740500', 'BSIU3085694', 11622.0, '22SEE233TN3JDCI4Y5', 840, '51061587')
2023-02-11 22:14:02,783 - root - DEBUG - ('GOTC02595700', 'TCLU7283847', 13609.0, '22SEE3IV8W4CL2GAB6', 1176, '51061589')
2023-02-11 22:14:02,840 - root - DEBUG - ('25689931', 'UACU3468991', 14424.056, '22SEE2HNAT0YV3MFI6', 837, '51061721')
2023-02-11 22:14:02,888 - root - DEBUG - ('GOTC02211600', 'TRHU3906364', 13123.0, '22SEE2HY783JU62DV0', 1790, '51061856')
2023-02-11 22:14:02,940 - root - DEBUG - ('GOTC02208500', 'TCKU1465024', 14348.0, '22SEE2CBQJ1T442G20', 1440, '51061857')
2023-02-11 22:14:02,987 - root - DEBUG - ('GOTC02212700', 'TCLU2999356', 19141.0, '22SEE2CJY81X07Y162', 1920, '51061858')
2023-02-11 22:14:03,038 - root - DEBUG - ('GOTC02210500', 'TCLU7557676', 19136.0, '22SEE2C4335RSA0AD1', 1920, '51061859')
2023-02-11 22:14:03,094 - root - DEBUG - ('GOTC02209600', 'TCLU7208740', 19153.0, '22SEE2GHJB18SYOIH6', 1920, '51061860')
2023-02-11 22:14:03,143 - root - DEBUG - ('31342220', 'HLBU2749501', 16139.0, '22SEE2N0PO0OXCGOB5', 960, '51061865')
2023-02-11 22:14:03,192 - root - DEBUG - ('25689931', 'HLBU1513002', 14989.0, '22SEE2HHM709LBYNQ8', 879, '51061868')
2023-02-11 22:14:03,241 - root - DEBUG - ('2GOT000894', 'TLLU2198761', 17597.04, '22SEE2B00T5MA8K8V7', 1134, '51061965')
2023-02-11 22:14:03,298 - root - DEBUG - ('2GOT000895', 'MRKU9412759', 17916.0, '22SEE24ZVN2IPOG4X6', 1155, '51061966')
2023-02-11 22:14:03,339 - root - DEBUG - ('2GOT000882', 'MSKU4052029', 17493.3, '22SEE2CJYL4J8YK550', 889, '51062150')
2023-02-11 22:14:03,397 - root - DEBUG - ('2GOT000882', 'MRSU0055680', 18907.0, '22SEE2C2MR1P90U5H4', 960, '51062151')
2023-02-11 22:14:03,451 - root - DEBUG - ('2GOT000882', 'SUDU7919420', 18913.0, '22SEE2C4323XM2AP61', 960, '51062152')
2023-02-11 22:14:03,503 - root - DEBUG - ('2GOT000881', 'MRKU7590448', 18939.0, '22SEE2C2N34XT4UR47', 960, '51062153')
2023-02-11 22:14:03,559 - root - DEBUG - ('2GOT000881', 'MSKU7347276', 18942.0, '22SEE2C2MX0TEYICQ5', 960, '51062154')
2023-02-11 22:14:03,614 - root - DEBUG - ('2GOT000881', 'MSKU3905322', 18939.0, '22SEE2BVUT1GITGML1', 960, '51062155')
2023-02-11 22:14:03,658 - root - DEBUG - ('2GOT000880', 'MSKU3210500', 18967.0, '22SEE21WT02T02CF46', 960, '51062156')
2023-02-11 22:14:03,715 - root - DEBUG - ('2GOT000880', 'CAXU6327587', 18993.0, '22SEE21VKH52KJYO56', 960, '51062157')
2023-02-11 22:14:03,758 - root - DEBUG - ('2GOT000880', 'MSKU5580205', 18967.0, '22SEE22S073Z4VMP12', 960, '51062158')
2023-02-11 22:14:03,806 - root - DEBUG - ('2GOT001148', 'MRKU8532148', 19006.0, '22SEE21UF112L2EO68', 960, '51062186')
2023-02-11 22:14:03,864 - root - DEBUG - ('GOTC10733700', 'TGHU5056566', 22144.72, '22SEEB3AC31SI2QCG5', 1352, '51062211')
2023-02-11 22:14:03,912 - root - DEBUG - ('GOTC10712400', 'TCNU7293523', 22144.72, '22SEEB3LSU3DBBW8K1', 1352, '51062212')
2023-02-11 22:14:03,960 - root - DEBUG - ('GOTC10717900', 'FFAU3656335', 22144.72, '22SEEB4I1N5Y4I4OM0', 1352, '51062213')
2023-02-11 22:14:04,010 - root - DEBUG - ('GOTC10719400', 'DRYU9465510', 22144.72, '22SEEB4L2J1X9GG9X1', 1352, '51062214')
2023-02-11 22:14:04,058 - root - DEBUG - ('GOTC10723600', 'TRHU6871657', 22144.72, '22SEEB3U122UH4MDA6', 1352, '51062215')
2023-02-11 22:14:04,107 - root - DEBUG - ('GOTC10730400', 'NYKU0798646', 22144.72, '22SEEB3ALE0YEO84M4', 1352, '51062216')
2023-02-11 22:14:04,151 - root - DEBUG - ('GOTC10711300', 'FDCU0427672', 22144.72, '22SEEB3I2W0XRB4O57', 1352, '51062217')
2023-02-11 22:14:04,202 - root - DEBUG - ('GOTC09487700', 'TCLU4666267', 20318.32, '22SEE9L6XR5FS2KI61', 2112, '51062224')
2023-02-11 22:14:04,249 - root - DEBUG - ('GOTC08130500', 'TCKU4380569', 18712.0, '22SEE8TE514KSK85J2', 1210, '51062226')
2023-02-11 22:14:04,301 - root - DEBUG - ('GOTC10129600', 'NYKU0840751', 22144.72, '22SEEA7NAZ3H0O66S6', 1352, '51062235')
2023-02-11 22:14:04,348 - root - DEBUG - ('GOTC10104600', 'ONEU0039647', 22144.72, '22SEEA7RN451ML6Q83', 1352, '51062236')
2023-02-11 22:14:04,394 - root - DEBUG - ('GOTC10109400', 'TRHU7331777', 22144.72, '22SEEA7LRH26X1I127', 1352, '51062237')
2023-02-11 22:14:04,443 - root - DEBUG - ('GOTC10102400', 'TCLU9340191', 22144.72, '22SEEA7LRL0E0SSGS3', 1352, '51062238')
2023-02-11 22:14:04,492 - root - DEBUG - ('GOTC03732800', 'TCLU1679492', 22140.0, '22SEE3TSWY141AE569', 1352, '51062246')
2023-02-11 22:14:04,548 - root - DEBUG - ('GOTC03760900', 'NYKU3900999', 16144.0, '22SEE3XW4C0KXPC3J4', 1134, '51062295')
2023-02-11 22:14:04,590 - root - DEBUG - ('GOTC02213800', 'NYKU3818432', 14281.0, '22SEE2HU735BJHSB53', 1950, '51062299')
2023-02-11 22:14:04,647 - root - DEBUG - ('GOTC07574900', 'TCKU4774198', 22856.0, '22SEE7BKXP0V41E578', 1144, '51062358')
2023-02-11 22:14:04,689 - root - DEBUG - ('GOTC07582800', 'TCKU4631875', 23839.0, '22SEE7C4B11ZBAIPC0', 1540, '51062364')
2023-02-11 22:14:04,739 - root - DEBUG - ('GOTC07581700', 'TCKU4400475', 23844.0, '22SEE7BV052UQ7KKJ0', 1540, '51062365')
2023-02-11 22:14:04,784 - root - DEBUG - ('GOTC07576400', 'GIPU4398151', 23856.0, '22SEE7BKXS25SD2BH7', 1540, '51062366')
2023-02-11 22:14:04,832 - root - DEBUG - ('GOTC06816700', 'UETU4132244', 23861.0, '22SEE6SXN114ZU0BS9', 1540, '51062370')
2023-02-11 22:14:04,872 - root - DEBUG - ('GOTC06357700', 'MOFU5867801', 23859.0, '22SEE6F85G3L1B46X8', 1540, '51062373')
2023-02-11 22:14:04,919 - root - DEBUG - ('GOTC06361900', 'SEGU5967163', 23833.0, '22SEE6D56U2W3WQ476', 1540, '51062374')
2023-02-11 22:14:04,968 - root - DEBUG - ('GOTC08122600', 'KKFU7818907', 22122.0, '22SEE8S23O247R0E48', 1352, '51062376')
2023-02-11 22:14:05,018 - root - DEBUG - ('GOTC08125900', 'CAIU9344333', 22139.0, '22SEE8S23O58HZKI88', 1352, '51062377')
2023-02-11 22:14:05,068 - root - DEBUG - ('GOTC07137400', 'MOFU0656220', 22162.0, '22SEE71JV737HTORJ4', 1352, '51062378')
2023-02-11 22:14:05,119 - root - DEBUG - ('GOTC08128500', 'KKFU8149600', 22123.0, '22SEE8S23V3JP9O942', 1352, '51062379')
2023-02-11 22:14:05,169 - root - DEBUG - ('GOTC07132600', 'TGHU5281314', 22162.0, '22SEE72FJN3HFDMI70', 1352, '51062383')
2023-02-11 22:14:05,219 - root - DEBUG - ('GOTC07116800', 'MOFU0734703', 22169.0, '22SEE723X10MKY4864', 1352, '51062384')
2023-02-11 22:14:05,267 - root - DEBUG - ('GOTC07124700', 'KKFU1827985', 22170.0, '22SEE72E5U2JFV8O70', 1352, '51062385')
2023-02-11 22:14:05,324 - root - DEBUG - ('GOTC05025500', 'TLLU1629904', 19311.0, '22SEE4VMFR0L2JSJ39', 968, '51062396')
2023-02-11 22:14:05,371 - root - DEBUG - ('GOTC05029900', 'KKFU1812943', 18824.0, '22SEE4WBPS236Z4AX8', 1210, '51062398')
2023-02-11 22:14:05,428 - root - DEBUG - ('GOTC05027700', 'NYKU8351124', 18705.0, '22SEE4YFYO063RO9P0', 1210, '51062399')
2023-02-11 22:14:05,480 - root - DEBUG - ('GOTC05032300', 'TCNU4283178', 17611.0, '22SEE4YDGO5R6Z2IR3', 1760, '51062400')
2023-02-11 22:14:05,535 - root - DEBUG - ('GOTC05464500', 'ONEU0245150', 20431.0, '22SEE50IOZ1F9PKMQ9', 2112, '51062401')
2023-02-11 22:14:05,592 - root - DEBUG - ('GOTC10132700', 'SEGU4918288', 18737.84, '22SEEA924H0TP065M2', 1144, '51062403')
2023-02-11 22:14:05,649 - root - DEBUG - ('GOTC05034500', 'MOFU5811280', 19292.0, '22SEE4XKX13807MNT9', 968, '51062407')
2023-02-11 22:14:05,698 - root - DEBUG - ('GOTC05035600', 'NYKU8433958', 18839.0, '22SEE4YCUO4LXZWBF5', 1210, '51062408')
2023-02-11 22:14:05,751 - root - DEBUG - ('GOTC10097300', 'GAOU6523355', 19481.44, '22SEEA871E1FLR6888', 1188, '51062412')
2023-02-11 22:14:05,801 - root - DEBUG - ('26467753', 'UACU5138284', 19380.08, '22SEE4WNVM51536L51', 1188, '51062414')
2023-02-11 22:14:05,849 - root - DEBUG - ('31690367', 'HLXU8121778', 19474.0, '22SEE4V17L3YWUQNL0', 1188, '51062415')
2023-02-11 22:14:05,899 - root - DEBUG - ('GOTC05738900', 'TCLU4676497', 22754.0, '22SEE5ONCJ243LU106', 1144, '51062418')
2023-02-11 22:14:05,949 - root - DEBUG - ('GOTC05744600', 'UETU4056078', 23894.0, '22SEE5OYO34A9J8L68', 1540, '51062428')
2023-02-11 22:14:06,002 - root - DEBUG - ('GOTC05736700', 'NYKU8340109', 23865.0, '22SEE5OEU704F1UHN8', 1540, '51062429')
2023-02-11 22:14:06,050 - root - DEBUG - ('GOTC05740900', 'DFSU4375668', 23874.0, '22SEE5OCGY1HGBUBG8', 1540, '51062430')
2023-02-11 22:14:06,105 - root - DEBUG - ('GOTC05741300', 'TTNU5393608', 22152.0, '22SEE5NHFQ5OGZA290', 1352, '51062437')
2023-02-11 22:14:06,159 - root - DEBUG - ('GOTC05742400', 'MOFU0654871', 22166.0, '22SEE5OBPA44BV09A0', 1352, '51062438')
2023-02-11 22:14:06,208 - root - DEBUG - ('GOTC05743500', 'BSIU4055565', 22159.0, '22SEE5OCH21H7MS1C9', 1352, '51062439')
2023-02-11 22:14:06,269 - root - DEBUG - ('GOTC03736500', 'TCLU8211142', 22752.0, '22SEE3TY8L5XPT8QA2', 1144, '51062451')
2023-02-11 22:14:06,321 - root - DEBUG - ('GOTC03739800', 'TCLU7891873', 22758.0, '22SEE3U2SH4I8TG7S3', 1144, '51062452')
2023-02-11 22:14:06,369 - root - DEBUG - ('GOTC01762900', 'TRHU7922635', 18899.0, '22SEE22S042JXTWH23', 1210, '51062458')
2023-02-11 22:14:06,426 - root - DEBUG - ('GOTC07151700', 'TCKU4881895', 19382.002, '22SEE72D253E1R00I4', 1406, '51062461')
2023-02-11 22:14:06,482 - root - DEBUG - ('GOTC06822400', 'DFSU4312063', 19026.0, '22SEE6S27W09Q8M5D0', 1202, '51062465')
2023-02-11 22:14:06,532 - root - DEBUG - ('GOTC06807700', 'TCLU4437492', 18810.0, '22SEE6S5GR4BLKYG38', 1210, '51062475')
2023-02-11 22:14:06,581 - root - DEBUG - ('GOTC06362300', 'TLLU6099860', 22223.0, '22SEE6D02I1VYUE6V1', 1352, '51062478')
2023-02-11 22:14:06,636 - root - DEBUG - ('GOTC06366700', 'BMOU3140754', 22189.0, '22SEE6D2P831524J17', 1352, '51062479')
2023-02-11 22:14:06,691 - root - DEBUG - ('GOTC06814500', 'DRYU4286554', 22860.0, '22SEE6S4075B9LO126', 1144, '51062486')
2023-02-11 22:14:06,747 - root - DEBUG - ('2GOT003239', 'MSKU4371453', 16661.0, '22SEE7CLOE0Q7DOM65', 1155, '51062491')
2023-02-11 22:14:06,792 - root - DEBUG - ('', 'TCLU6780005', 16937.0, '22SEE6ZDJF500KA855', 2310, '51062492')
2023-02-11 22:14:06,846 - root - DEBUG - ('2GOT002353', 'TRLU9287943', 16907.92, '22SEE59UZ94TV4C374', 1155, '51062493')
2023-02-11 22:14:06,891 - root - DEBUG - ('2GOT001224', 'TCKU3891477', 16791.0, '22SEE2SRH81MMJQL90', 1155, '51062494')
2023-02-11 22:14:06,944 - root - DEBUG - ('2GOT001203', 'MSKU7058289', 16777.0, '22SEE2RAJ654RPEK10', 1155, '51062495')
2023-02-11 22:14:06,994 - root - DEBUG - ('2GOT001202', 'MRKU8432914', 17883.0, '22SEE2RAJH0GMKC170', 1155, '51062496')
2023-02-11 22:14:07,046 - root - DEBUG - ('2GOT001223', 'MRKU8828130', 16258.0, '22SEE2T8AW3GKZG8G9', 1465, '51062497')
2023-02-11 22:14:07,100 - root - DEBUG - ('2GOT001205', 'MRKU7506519', 16577.2, '22SEE2TMTP3MT74JP0', 2226, '51062498')
2023-02-11 22:14:07,152 - root - DEBUG - ('2GOT001225', 'MRKU9650206', 16957.0, '22SEE2PVKW408WQE31', 2310, '51062499')
2023-02-11 22:14:07,207 - root - DEBUG - ('2GOT001207', 'MSKU5905297', 16948.0, '22SEE2RC4V0MHTWQV3', 2310, '51062500')
2023-02-11 22:14:07,257 - root - DEBUG - ('2GOT001221', 'MSKU5950655', 16919.3, '22SEE2POAM06J1YHA0', 2310, '51062501')
2023-02-11 22:14:07,304 - root - DEBUG - ('2GOT001492', 'SUDU1837650', 18157.0, '22SEE3E1E100MVMAD4', 920, '51062502')
2023-02-11 22:14:07,365 - root - DEBUG - ('2GOT001491', 'MRKU9684546', 18148.0, '22SEE3DK7T37FBO9A9', 920, '51062503')
2023-02-11 22:14:07,415 - root - DEBUG - ('2GOT001521', 'MSKU7498185', 18288.0, '22SEE3EXBZ2D98S7Y2', 920, '51062504')
2023-02-11 22:14:07,466 - root - DEBUG - ('2GOT001356', 'MSKU7736750', 18418.0, '22SEE37WXV187JUFF1', 920, '51062505')
2023-02-11 22:14:07,518 - root - DEBUG - ('2GOT001357', 'MRKU6754779', 18431.0, '22SEE36J472EZCMBQ4', 920, '51062506')
2023-02-11 22:14:07,637 - root - DEBUG - ('2GOT000711', 'MSKU3631828', 18426.0, '22SEE22LHL19UR8QG2', 920, '51062511')
2023-02-11 22:14:07,692 - root - DEBUG - ('2GOT000879', 'SUDU7749176', 21610.0, '22SEE2BV713KQDS0E3', 920, '51062512')
2023-02-11 22:14:07,739 - root - DEBUG - ('GOTC02113700', 'TRHU3462866', 16852.0, '22SEE2N6BK3BZ4MAV0', 1155, '51062551')
2023-02-11 22:14:07,789 - root - DEBUG - ('GOTC02122700', 'FCIU2805529', 16848.0, '22SEE2N6VP51SD85X7', 1155, '51062552')
2023-02-11 22:14:07,836 - root - DEBUG - ('GOTC03363800', 'TRHU2435552', 2639.0, '22SEE3H183596K07U2', 360, '51062568')
2023-02-11 22:14:07,889 - root - DEBUG - ('GTG0318012', 'TRLU3905880', 19158.127, '22SEE2HHMB3ACHSOJ9', 1051, '51062670')
2023-02-11 22:14:07,943 - root - DEBUG - ('GOTC02502900', 'FCIU3954091', 18305.0, '22SEE2PIHS2ZTX6330', 1221, '51062728')
2023-02-11 22:14:07,993 - root - DEBUG - ('99466971', 'HLXU1053331', 18939.0, '22SEE3TY8E17ZRAIT7', 960, '51062730')
2023-02-11 22:14:08,043 - root - DEBUG - ('1047318866', 'MEDU2757697', 19147.2, '22SEE9JTSG5TZJCNB9', 960, '51062731')
2023-02-11 22:14:08,091 - root - DEBUG - ('43999969', 'SEGU3646800', 17242.5, '22SEE3SJGQ3LZ922R4', 1092, '51062734')
2023-02-11 22:14:08,154 - root - DEBUG - ('43999969', 'HLXU1255409', 18944.0, '22SEE3SY0N5A726N39', 960, '51062736')
2023-02-11 22:14:08,197 - root - DEBUG - ('99938322', 'HLBU2972053', 18991.0, '22SEE4WVLN0POB02H7', 960, '51062737')
2023-02-11 22:14:08,240 - root - DEBUG - ('99938322', 'GCXU2187104', 18992.0, '22SEE4WXLC123722F2', 960, '51062738')
2023-02-11 22:14:08,296 - root - DEBUG - ('GOTC01288500', 'MOAU6600309', 17640.984, '22SEE2FP750S4U87G0', 1469, '51062751')
2023-02-11 22:14:08,347 - root - DEBUG - ('99225933', 'HLBU1828714', 16356.706, '22SEE44OY619EUGHW2', 840, '51062791')
2023-02-11 22:14:08,393 - root - DEBUG - ('GOTC03352600', 'TCLU3171073', 12279.0, '22SEE3FAEA04CFYGL1', 1680, '51062819')
2023-02-11 22:14:08,442 - root - DEBUG - ('GOTC03351500', 'TCLU3171073', 2389.0, '22SEE3FADW4E1EWIE1', 164, '51062820')
2023-02-11 22:14:08,494 - root - DEBUG - ('GOTC03350400', 'TRHU2913224', 16920.0, '22SEE3HNMD5G1T4QI0', 2310, '51062881')
2023-02-11 22:14:08,547 - root - DEBUG - ('1047160121', 'TCKU1675988', 19147.2, '22SEE9K4P01FTZU944', 960, '51062947')
2023-02-11 22:14:08,600 - root - DEBUG - ('2GOT002812', 'PONU0201551', 17901.536, '22SEE6DFJ60FDAWR81', 1156, '51063005')
2023-02-11 22:14:08,655 - root - DEBUG - ('2GOT000900', 'TCLU2002232', 17171.0, '22SEE22S0B4GD1GH23', 1030, '51063007')
2023-02-11 22:14:08,706 - root - DEBUG - ('2GOT000899', 'TCLU2184100', 18557.44, '22SEE2B4GK43BQQ4G4', 1164, '51063008')
2023-02-11 22:14:08,756 - root - DEBUG - ('2GOT000893', 'HASU1350864', 17908.0, '22SEE22S060K7J4B58', 1155, '51063009')
2023-02-11 22:14:08,804 - root - DEBUG - ('2GOT000898', 'PONU0582442', 17899.0, '22SEE2A79F3AGTM750', 1155, '51063010')
2023-02-11 22:14:08,855 - root - DEBUG - ('GOTC03006900', 'NYKU4273086', 19089.0, '22SEE30UQ11V6VQI74', 1623, '51063027')
2023-02-11 22:14:08,902 - root - DEBUG - ('19042109', 'CLHU9100070', 19655.0, '22SEE2E6WR197SK9B1', 1196, '51063028')
2023-02-11 22:14:08,959 - root - DEBUG - ('GOTC03013700', 'MOFU5818957', 19288.084, '22SEE2V2H80OMWCDE2', 1224, '51063043')
2023-02-11 22:14:09,008 - root - DEBUG - ('GOTC04994500', 'TCLU2386502', 14144.0, '22SEE4TIRX5R25G9Q8', 1177, '51063083')
2023-02-11 22:14:09,064 - root - DEBUG - ('GOTC02966900', 'KKTU8242430', 24592.36, '22SEE308LN0S7UA9S5', 924, '51063084')
2023-02-11 22:14:09,114 - root - DEBUG - ('GOTC02119600', 'TRHU3148270', 16180.0, '22SEE2HVF83ZELMJV4', 1045, '51063085')
2023-02-11 22:14:09,167 - root - DEBUG - ('GOTC01742700', 'MOAU5813233', 17887.0, '22SEE216CI1HG5Q4N6', 1155, '51063087')
2023-02-11 22:14:09,215 - root - DEBUG - ('GOTC02119600', 'TCLU3282077', 17888.0, '22SEE2HOLQ5KCUS0X2', 1155, '51063088')
2023-02-11 22:14:09,261 - root - DEBUG - ('GOTC01742700', 'NYKU3808650', 17899.0, '22SEE20XD05HMB05T9', 1155, '51063089')
2023-02-11 22:14:09,320 - root - DEBUG - ('GOTC02119600', 'TRHU3884542', 17891.0, '22SEE2HP625J38U8N0', 1155, '51063090')
2023-02-11 22:14:09,374 - root - DEBUG - ('GOTC03363800', 'TRHU2435552', 13695.0, '22SEE3H1802SVG8CP4', 1109, '51063091')
2023-02-11 22:14:09,430 - root - DEBUG - ('2GOT002815', 'HASU1278332', 17218.416, '22SEE6DCHO1LVKMAI0', 864, '51063100')
2023-02-11 22:14:09,480 - root - DEBUG - ('2GOT002809', 'MSKU7804433', 18148.0, '22SEE6B3X029GC6F18', 920, '51063102')
2023-02-11 22:14:09,535 - root - DEBUG - ('2GOT002944', 'HASU1004239', 18178.0, '22SEE6ODJX129LCQY0', 920, '51063103')
2023-02-11 22:14:09,578 - root - DEBUG - ('2GOT001946', 'MSKU2334086', 16409.0, '22SEE4T4EA1Q1QQ7V1', 848, '51063105')
2023-02-11 22:14:09,637 - root - DEBUG - ('GOTC01783500', 'TCLU2923664', 17634.0, '22SEE2AVIQ0MSNM610', 1155, '51063106')
2023-02-11 22:14:09,694 - root - DEBUG - ('GOTC01783500', 'MOAU0611395', 17651.0, '22SEE24LCC5VOJ6680', 1155, '51063107')
2023-02-11 22:14:09,743 - root - DEBUG - ('GOTC01783500', 'TCKU3961682', 17657.0, '22SEE255EY5X39K9R7', 1155, '51063108')
2023-02-11 22:14:09,797 - root - DEBUG - ('GOTC01782400', 'TCKU3988370', 17652.0, '22SEE2561Q53OTY5A0', 1155, '51063109')
2023-02-11 22:14:09,849 - root - DEBUG - ('GOTC01782400', 'TCKU3763429', 17649.0, '22SEE2A7995HW7O419', 1155, '51063110')
2023-02-11 22:14:09,900 - root - DEBUG - ('GOTC01782400', 'FCIU5507699', 17630.0, '22SEE2ATY103RWS4O7', 1155, '51063111')
2023-02-11 22:14:09,955 - root - DEBUG - ('GOTC01782400', 'TRLU9758703', 17665.0, '22SEE255EX22P5G701', 1155, '51063112')
2023-02-11 22:14:10,012 - root - DEBUG - ('GOTC01782400', 'NYKU3251950', 17553.8, '22SEE2A0QP2NHGMGU8', 1155, '51063113')
2023-02-11 22:14:10,069 - root - DEBUG - ('GOTC01782400', 'NYKU3248350', 17638.0, '22SEE2A79B30LHEJ55', 1155, '51063114')
2023-02-11 22:14:10,120 - root - DEBUG - ('GOTC01782400', 'KKTU7795215', 17658.0, '22SEE2A0QR33C0W127', 1155, '51063115')
2023-02-11 22:14:10,178 - root - DEBUG - ('GOTC01784600', 'NYKU3231609', 17636.0, '22SEE2B0XK3KNUE310', 1155, '51063116')
2023-02-11 22:14:10,230 - root - DEBUG - ('GOTC01784600', 'TCKU2824387', 17637.0, '22SEE2B32A0C8285B5', 1155, '51063117')
2023-02-11 22:14:10,285 - root - DEBUG - ('GOTC01784600', 'MOAU5813634', 17651.0, '22SEE2BV753AMQEPG6', 1155, '51063118')
2023-02-11 22:14:10,339 - root - DEBUG - ('GOTC01784600', 'TCLU2509660', 17638.0, '22SEE2BW5B50V9U2J1', 1155, '51063119')
2023-02-11 22:14:10,390 - root - DEBUG - ('GOTC01784600', 'TGBU3293485', 17642.0, '22SEE2B8IC24MYS5R7', 1155, '51063120')
2023-02-11 22:14:10,452 - root - DEBUG - ('GOTC01784600', 'TRHU2266370', 17647.0, '22SEE2B4GO0J2C2E06', 1155, '51063121')
2023-02-11 22:14:10,505 - root - DEBUG - ('GOTC01784600', 'TEMU3994211', 17639.0, '22SEE2B0XE3IL083D8', 1155, '51063122')
2023-02-11 22:14:10,555 - root - DEBUG - ('GOTC01784600', 'TRHU2318094', 17644.0, '22SEE2B6O42J5H2D03', 1155, '51063123')
2023-02-11 22:14:10,611 - root - DEBUG - ('GOTC01783500', 'KKTU8245234', 17640.0, '22SEE2ATI63Z9I05A4', 1155, '51063124')
2023-02-11 22:14:10,668 - root - DEBUG - ('GOTC01783500', 'MOAU0788122', 17648.0, '22SEE2ATI02HCHMB02', 1155, '51063125')
2023-02-11 22:14:10,716 - root - DEBUG - ('GOTC05468900', 'NYKU8393705', 19220.2, '22SEE502RQ045B0OW8', 1408, '51063137')
2023-02-11 22:14:10,768 - root - DEBUG - ('GOTC01409700', 'TCNU4579257', 19091.39, '22SEE22LHM4XKIUCJ4', 1585, '51063138')
2023-02-11 22:14:10,820 - root - DEBUG - ('78814167', 'UACU4101927', 17016.0, '22SEE2SRGS3LOEI816', 875, '51063220')
2023-02-11 22:14:10,877 - root - DEBUG - ('2GOT004170', 'MRSU0090675', 16925.0, '22SEE975410TSUIML0', 2310, '51063222')
2023-02-11 22:14:10,931 - root - DEBUG - ('2GOT001777', 'HASU1240574', 17501.0, '22SEE4FRJ52KM2OKG6', 1734, '51063223')
2023-02-11 22:14:10,980 - root - DEBUG - ('2GOT001773', 'PONU2028614', 16929.0, '22SEE48JMG4UK2ORM0', 2310, '51063224')
2023-02-11 22:14:11,038 - root - DEBUG - ('GOTC02176900', 'KKTU8207424', 17914.5, '22SEE2CE0R4J1UG9I1', 1155, '51063248')
2023-02-11 22:14:11,087 - root - DEBUG - ('GOTC06369300', 'TRLU9700912', 17818.3, '22SEE6G85S3UQGK7M6', 1186, '51063249')
2023-02-11 22:14:11,144 - root - DEBUG - ('GOTC02618300', 'TCLU7482134', 17948.0, '22SEE3SLW601H0W4Q1', 1196, '51063250')
2023-02-11 22:14:11,194 - root - DEBUG - ('GOTC02177300', 'MOAU0668195', 17931.0, '22SEE2CMFW2MOOS0F0', 1155, '51063251')
2023-02-11 22:14:11,254 - root - DEBUG - ('GOTC02619400', 'TCKU3739090', 19327.36, '22SEE2RGVD0N4G2D80', 1155, '51063252')
2023-02-11 22:14:11,308 - root - DEBUG - ('2GOT001575', 'HASU1143255', 14368.0, '22SEE3JJ2J51ECSMW1', 765, '51063301')
2023-02-11 22:14:11,358 - root - DEBUG - ('2GOT001355', 'PONU0491300', 18253.4, '22SEE37U4X1HQJWPD8', 1155, '51063372')
2023-02-11 22:14:11,415 - root - DEBUG - ('2GOT002215', 'MSKU4389196', 18986.0, '22SEE4WEZY2GPKM2Y0', 960, '51063379')
2023-02-11 22:14:11,464 - root - DEBUG - ('2GOT002215', 'MRKU8195582', 18996.0, '22SEE4WNVR1C1Z60L5', 960, '51063380')
2023-02-11 22:14:11,520 - root - DEBUG - ('2GOT002215', 'TCKU1740872', 18995.0, '22SEE4WS3P2YFD6IP1', 960, '51063381')
2023-02-11 22:14:11,569 - root - DEBUG - ('2GOT002213', 'HASU1048290', 18997.0, '22SEE4WRJE4MHRKN02', 960, '51063382')
2023-02-11 22:14:11,627 - root - DEBUG - ('2GOT002213', 'CAIU3787463', 18968.0, '22SEE4WVDV262HIGD1', 960, '51063383')
2023-02-11 22:14:11,680 - root - DEBUG - ('2GOT002213', 'CLHU3919600', 18962.0, '22SEE4X84259RU4OY2', 960, '51063384')
2023-02-11 22:14:11,724 - root - DEBUG - ('2GOT002211', 'TGHU0110807', 19159.8, '22SEE4X67R41UVYOX7', 1312, '51063385')
2023-02-11 22:14:11,774 - root - DEBUG - ('2GOT002214', 'TRHU2405373', 18964.0, '22SEE4X139410LE4K6', 960, '51063386')
2023-02-11 22:14:11,824 - root - DEBUG - ('2GOT002214', 'MRKU9393010', 18986.0, '22SEE4X67O0KQ7MQB5', 960, '51063387')
2023-02-11 22:14:11,874 - root - DEBUG - ('2GOT002214', 'MRKU6502165', 18987.0, '22SEE4X9ES4AXZ8HQ3', 960, '51063388')
2023-02-11 22:14:11,924 - root - DEBUG - ('2GOT001944', 'MRKU9788582', 18929.0, '22SEE4T9IL36F56848', 960, '51063389')
2023-02-11 22:14:11,972 - root - DEBUG - ('2GOT002007', 'MSKU5834104', 18968.0, '22SEE4SXGM16TUOFQ0', 960, '51063390')
2023-02-11 22:14:12,024 - root - DEBUG - ('2GOT002007', 'TEMU3553221', 18949.0, '22SEE4SXGG2XFDWIK3', 960, '51063391')
2023-02-11 22:14:12,073 - root - DEBUG - ('2GOT001490', 'MSKU4338331', 18951.0, '22SEE3KGOB568XS927', 960, '51063392')
2023-02-11 22:14:12,121 - root - DEBUG - ('2GOT001490', 'MSKU5884532', 18919.0, '22SEE3KHUN0JG3CBA0', 960, '51063393')
2023-02-11 22:14:12,177 - root - DEBUG - ('2GOT001490', 'TCKU1095212', 18952.0, '22SEE3JOXH24A047D7', 960, '51063394')
2023-02-11 22:14:12,223 - root - DEBUG - ('2GOT001490', 'MSKU5688057', 18929.0, '22SEE3KJ6Q4NU7QPW3', 960, '51063395')
2023-02-11 22:14:12,270 - root - DEBUG - ('2GOT001570', 'MSKU4093780', 18966.0, '22SEE3JJ2Q1BHRO271', 960, '51063396')
2023-02-11 22:14:12,324 - root - DEBUG - ('2GOT001570', 'MRKU9084618', 18940.0, '22SEE3JJ2S4ORNC7Z1', 960, '51063397')
2023-02-11 22:14:12,383 - root - DEBUG - ('2GOT001148', 'MSKU3808533', 18984.0, '22SEE21UW3424XM4Q2', 960, '51063399')
2023-02-11 22:14:12,431 - root - DEBUG - ('22367096', 'HLXU3538440', 19248.0, '22SEE3EWF54PTXEN76', 1136, '51063410')
2023-02-11 22:14:12,489 - root - DEBUG - ('78129617', 'HAMU1099850', 18938.0, '22SEE36KD74W3RYK15', 960, '51063414')
2023-02-11 22:14:12,551 - root - DEBUG - ('GOTC01764400', 'TRHU4778139', 19238.282, '22SEE23SWN2I9Y2578', 1196, '51063416')
2023-02-11 22:14:12,602 - root - DEBUG - ('GOTC03464300', 'SEGU1214388', 18432.0, '22SEE3GVG70AGSQL98', 1254, '51063420')
2023-02-11 22:14:12,658 - root - DEBUG - ('GOTC03464300', 'NYKU3546329', 17972.0, '22SEE3F98J1NUOCCT1', 1155, '51063421')
2023-02-11 22:14:12,716 - root - DEBUG - ('GOTC03002500', 'GLDU9387329', 17978.0, '22SEE3D76V3RQ9A3E9', 1155, '51063422')
2023-02-11 22:14:12,759 - root - DEBUG - ('GOTC03002500', 'TCLU3166396', 17956.0, '22SEE3D52T5CK58878', 1155, '51063423')
2023-02-11 22:14:12,807 - root - DEBUG - ('GOTC04551800', 'BMOU2965154', 17614.0, '22SEE4HTWO38YWSRP8', 1155, '51063424')
2023-02-11 22:14:12,856 - root - DEBUG - ('GOTC04551800', 'KKTU8198976', 17612.0, '22SEE4IF505GX1K7P3', 1155, '51063425')
2023-02-11 22:14:12,908 - root - DEBUG - ('GOTC03768300', 'NYKU3717627', 17589.0, '22SEE3UPR2371PECO8', 1155, '51063426')
2023-02-11 22:14:12,963 - root - DEBUG - ('GOTC04551800', 'TCKU1569420', 17624.0, '22SEE4IF501LUG2143', 1155, '51063427')
2023-02-11 22:14:13,011 - root - DEBUG - ('GOTC04551800', 'TCKU1565975', 17606.0, '22SEE4IF5N20U12QU7', 1155, '51063428')
2023-02-11 22:14:13,069 - root - DEBUG - ('GOTC04551800', 'KKTU7845276', 17619.0, '22SEE4HYS62LBOWGV4', 1155, '51063429')
2023-02-11 22:14:13,120 - root - DEBUG - ('GOTC04551800', 'KKTU7867125', 17628.0, '22SEE4IC1K2PP3AAD6', 1155, '51063430')
2023-02-11 22:14:13,174 - root - DEBUG - ('GOTC04550700', 'BSIU3118273', 17619.0, '22SEE4IH1P3E2G0JL0', 1155, '51063431')
2023-02-11 22:14:13,223 - root - DEBUG - ('GOTC04550700', 'NYKU3595299', 17621.0, '22SEE4IMVQ4UGMSRK2', 1155, '51063432')
2023-02-11 22:14:13,281 - root - DEBUG - ('GOTC03464300', 'GCXU2268470', 17605.0, '22SEE3EXC33Q14G8H7', 1155, '51063433')
2023-02-11 22:14:13,336 - root - DEBUG - ('GOTC03464300', 'DFSU1691831', 17625.0, '22SEE3EYYP15ZCMMT0', 1155, '51063434')
2023-02-11 22:14:13,396 - root - DEBUG - ('GOTC03464300', 'NYKU9745420', 17618.0, '22SEE3EYYU5B7EIDO0', 1155, '51063435')
2023-02-11 22:14:13,448 - root - DEBUG - ('GOTC03464300', 'SEGU1400675', 17594.0, '22SEE3F56O2S7DA4I1', 1155, '51063436')
2023-02-11 22:14:13,503 - root - DEBUG - ('GOTC03465400', 'CAIU2902135', 17592.0, '22SEE3F5613BUW4AT2', 1155, '51063437')
2023-02-11 22:14:13,558 - root - DEBUG - ('GOTC03465400', 'TGBU3234029', 17670.0, '22SEE3F56B17U20472', 1155, '51063438')
2023-02-11 22:14:13,607 - root - DEBUG - ('GOTC03465400', 'TEMU2846020', 17680.0, '22SEE3H4IO2HD0S1L5', 1155, '51063439')
2023-02-11 22:14:13,656 - root - DEBUG - ('GOTC03465400', 'KKTU7951637', 17658.0, '22SEE3F64C0KR4OKC9', 1155, '51063440')
2023-02-11 22:14:13,707 - root - DEBUG - ('GOTC03465400', 'NYKU3596700', 17661.0, '22SEE3F72O0KORYNZ2', 1155, '51063441')
2023-02-11 22:14:13,755 - root - DEBUG - ('GOTC03465400', 'KKTU8068150', 17613.0, '22SEE3UMOK4L1L8QN1', 1155, '51063442')
2023-02-11 22:14:13,812 - root - DEBUG - ('GOTC03847800', 'TCKU3283970', 17601.0, '22SEE3VHTJ3ZHY6H54', 1155, '51063443')
2023-02-11 22:14:13,860 - root - DEBUG - ('GOTC03768300', 'KKTU8103292', 17598.0, '22SEE3UPR61VORCJH1', 1155, '51063444')
2023-02-11 22:14:13,909 - root - DEBUG - ('GOTC03768300', 'FCIU4787635', 17591.0, '22SEE3XSV433PU4398', 1155, '51063445')
2023-02-11 22:14:13,963 - root - DEBUG - ('GOTC03766800', 'CXDU2473615', 17595.0, '22SEE3XK3F5DOU8537', 1155, '51063446')
2023-02-11 22:14:14,016 - root - DEBUG - ('GOTC03766800', 'FTAU1309550', 17600.0, '22SEE3XTPM5NPXY9E9', 1155, '51063447')
2023-02-11 22:14:14,067 - root - DEBUG - ('GOTC03003600', 'NYKU3582861', 17620.0, '22SEE3D2YU5C3H8NT0', 1155, '51063448')
2023-02-11 22:14:14,123 - root - DEBUG - ('GOTC03466500', 'NYKU3383140', 18013.0, '22SEE3RQ2S0OII0GW0', 1155, '51063449')
2023-02-11 22:14:14,172 - root - DEBUG - ('GOTC03768300', 'TEMU5127077', 19360.115, '22SEE3XFRR27U6KQY0', 1237, '51063450')
2023-02-11 22:14:14,227 - root - DEBUG - ('GOTC03467600', 'MOAU6755126', 18005.0, '22SEE3QP5Q4GXNE821', 1155, '51063451')
2023-02-11 22:14:14,276 - root - DEBUG - ('GOTC03468700', 'BMOU2934528', 17975.0, '22SEE3F98F17MMSOC1', 1155, '51063452')
2023-02-11 22:14:14,331 - root - DEBUG - ('GOTC03766800', 'KKTU8254766', 17695.64, '22SEE43ORW5Q7L6G76', 1222, '51063454')
2023-02-11 22:14:14,373 - root - DEBUG - ('GOTC03759300', 'KKTU8081716', 16721.0, '22SEE3TZV74HHI41T7', 840, '51063456')
2023-02-11 22:14:14,431 - root - DEBUG - ('GOTC03371700', 'FCIU4549004', 16927.0, '22SEE3E3OZ4OEK8EN5', 2310, '51063457')
2023-02-11 22:14:14,478 - root - DEBUG - ('GOTC03370600', 'TRHU3201522', 17135.0, '22SEE3DXUN4CILA8X3', 2310, '51063471')
2023-02-11 22:14:14,527 - root - DEBUG - ('GOTC04990800', 'BMOU1498203', 17118.0, '22SEE4XJC52M5EC5V9', 2310, '51063472')
2023-02-11 22:14:14,582 - root - DEBUG - ('GOTC03758900', 'FCIU4543834', 17150.0, '22SEE3SHWC24NQA6S5', 2310, '51063473')
2023-02-11 22:14:14,625 - root - DEBUG - ('GOTC03374300', 'TCLU7379569', 16964.22, '22SEE3FAAN3WEDS933', 2313, '51063474')
2023-02-11 22:14:14,683 - root - DEBUG - ('GOTC02154500', 'TRHU7069456', 19183.673, '22SEE2EV1P5LRCUA96', 1209, '51063477')
2023-02-11 22:14:14,740 - root - DEBUG - ('GOTC04550700', 'TRLU9730835', 19542.0, '22SEE4K7MA5LPFY0K6', 2016, '51063507')
2023-02-11 22:14:14,790 - root - DEBUG - ('GOTC02502900', 'TRHU3774714', 17382.0, '22SEE2PGBG36Y2U0I9', 1561, '51063508')
2023-02-11 22:14:14,838 - root - DEBUG - ('GOTC02536900', 'TEMU5359088', 17120.0, '22SEE2RHW706OQ42A3', 1764, '51063509')
2023-02-11 22:14:14,887 - root - DEBUG - ('GOTC03369700', 'TCKU1596662', 17132.0, '22SEE3EWF84C4VO2V6', 2310, '51063514')
2023-02-11 22:14:14,941 - root - DEBUG - ('GOTC03373900', 'SEGU1951343', 17140.0, '22SEE3DS0N3F15QNB6', 2310, '51063515')
2023-02-11 22:14:14,993 - root - DEBUG - ('GOTC03372800', 'MOAU6737499', 16927.0, '22SEE3DZHS1Y898RL0', 2310, '51063516')
2023-02-11 22:14:15,048 - root - DEBUG - ('GOTC03367500', 'DRYU2883421', 16939.0, '22SEE3DYZD42MWU7I3', 2310, '51063517')
2023-02-11 22:14:15,100 - root - DEBUG - ('GOTC03757800', 'TEMU4785978', 18581.0, '22SEE435EB0J8P81H6', 3360, '51063518')
2023-02-11 22:14:15,152 - root - DEBUG - ('GOTC02115900', 'TRHU2363431', 16933.0, '22SEE2E83E33Y9GAD5', 2310, '51063519')
2023-02-11 22:14:15,204 - root - DEBUG - ('GOTC03748800', 'KKTU7761067', 19557.0, '22SEE43AV75P0O63Z6', 3360, '51063520')
2023-02-11 22:14:15,254 - root - DEBUG - ('22948207638', 'MEDU3769178', 17612.0, '22SEE3KHVC27650RC2', 1155, '51063528')
2023-02-11 22:14:15,307 - root - DEBUG - ('GOTC07216900', 'CRSU1407039', 16927.774, '22SEE735AT3SXQA5P2', 1050, '51063581')
2023-02-11 22:14:15,366 - root - DEBUG - ('GOTC04681500', 'TRHU2947456', 15543.366, '22SEE4MB870GRBQMY3', 913, '51063582')
2023-02-11 22:14:15,414 - root - DEBUG - ('GOTC01771900', 'TGHU6022196', 17181.882, '22SEE219T03TO229A1', 1681, '51063584')
2023-02-11 22:14:15,469 - root - DEBUG - ('GOTC03019600', 'TCNU8280691', 18580.0, '22SEE30UQ30WUVCEK0', 1395, '51063587')
2023-02-11 22:14:15,527 - root - DEBUG - ('2GOT002943', 'MRKU9449824', 18937.0, '22SEE6OCMC4PEIOBW8', 960, '51063599')
2023-02-11 22:14:15,582 - root - DEBUG - ('2GOT002943', 'TCKU1441064', 18939.0, '22SEE6ODJV3L1UKR25', 960, '51063600')
2023-02-11 22:14:15,632 - root - DEBUG - ('2GOT002943', 'TCKU1192629', 18935.0, '22SEE6OCMI2L9DUL47', 960, '51063601')
2023-02-11 22:14:15,673 - root - DEBUG - ('2GOT002943', 'MSKU4247479', 18936.0, '22SEE6OFAA1LHZG832', 960, '51063602')
2023-02-11 22:14:15,732 - root - DEBUG - ('2GOT002948', 'TGHU0149877', 18940.0, '22SEE6O3A74O38GNU0', 960, '51063603')
2023-02-11 22:14:15,782 - root - DEBUG - ('2GOT002813', 'MRSU0287920', 18978.0, '22SEE6AXR02QIV8N85', 960, '51063604')
2023-02-11 22:14:15,837 - root - DEBUG - ('2GOT002813', 'MRKU8249478', 18965.0, '22SEE6BI7A0ZAVEEQ6', 960, '51063605')
2023-02-11 22:14:15,888 - root - DEBUG - ('2GOT002663', 'MSKU7352950', 17963.0, '22SEE5Y1QB36DOY8W0', 1155, '51063606')
2023-02-11 22:14:15,937 - root - DEBUG - ('2GOT002354', 'HASU1421295', 18961.0, '22SEE59L5Y4BS3Y800', 960, '51063607')
2023-02-11 22:14:15,986 - root - DEBUG - ('2GOT002813', 'MSKU3665941', 18969.0, '22SEE6B7IA39FXA6Y8', 960, '51063608')
2023-02-11 22:14:16,038 - root - DEBUG - ('2GOT002813', 'MSKU5572494', 18959.0, '22SEE6AT9Z2V42GLI2', 960, '51063609')
2023-02-11 22:14:16,086 - root - DEBUG - ('2GOT002948', 'MSKU7889050', 18937.0, '22SEE6O89G48N46GD2', 960, '51063610')
2023-02-11 22:14:16,141 - root - DEBUG - ('2GOT002948', 'MSKU4468042', 18925.0, '22SEE6O89L5UTHOCS9', 960, '51063611')
2023-02-11 22:14:16,190 - root - DEBUG - ('2GOT004442', 'MSKU5606125', 18936.0, '22SEE9YUVD346XELN5', 960, '51063612')
2023-02-11 22:14:16,239 - root - DEBUG - ('2GOT004442', 'MSKU4333556', 18936.0, '22SEE9YPMM5NCP0MB5', 960, '51063613')
2023-02-11 22:14:16,289 - root - DEBUG - ('2GOT004442', 'MSKU2585498', 18936.0, '22SEE9YXJP2AESGAG8', 960, '51063614')
2023-02-11 22:14:16,346 - root - DEBUG - ('2GOT004442', 'SUDU7672177', 18936.0, '22SEE9YTWK57JUE7F0', 960, '51063615')
2023-02-11 22:14:16,395 - root - DEBUG - ('2GOT002007', 'TLLU2323740', 18961.0, '22SEE4SXGA4I8D20M9', 960, '51063616')
2023-02-11 22:14:16,447 - root - DEBUG - ('2GOT002007', 'MRKU6851681', 18952.0, '22SEE4SXG706BL2BS3', 960, '51063617')
2023-02-11 22:14:16,494 - root - DEBUG - ('2GOT002007', 'MRKU9696336', 18945.0, '22SEE4SXG312HDWFM9', 960, '51063618')
2023-02-11 22:14:16,548 - root - DEBUG - ('2GOT002009', 'TCKU2243504', 18947.0, '22SEE4SZ6K0OULAKK6', 960, '51063619')
2023-02-11 22:14:16,597 - root - DEBUG - ('2GOT002009', 'MSKU5950470', 18938.0, '22SEE4SXJE2Q15QA94', 960, '51063620')
2023-02-11 22:14:16,642 - root - DEBUG - ('2GOT002009', 'MSKU5737146', 18928.0, '22SEE4SZ6L4C1N0IK5', 960, '51063621')
2023-02-11 22:14:16,693 - root - DEBUG - ('2GOT002009', 'MRKU9427722', 18938.0, '22SEE4SZ6P2RKH4DJ0', 960, '51063622')
2023-02-11 22:14:16,741 - root - DEBUG - ('2GOT002009', 'TGHU1667470', 18946.0, '22SEE4T3QV358UO3Y5', 960, '51063623')
2023-02-11 22:14:16,793 - root - DEBUG - ('2GOT001954', 'MRKU9278125', 18988.0, '22SEE4YOU021WZU2F6', 960, '51063624')
2023-02-11 22:14:16,840 - root - DEBUG - ('2GOT001954', 'PONU0083295', 18954.0, '22SEE4YHOZ0FI3EI72', 960, '51063625')
2023-02-11 22:14:16,892 - root - DEBUG - ('2GOT001954', 'SUDU1780195', 18989.0, '22SEE4YI5U3Z4GMDK9', 960, '51063626')
2023-02-11 22:14:16,946 - root - DEBUG - ('2GOT001943', 'TLLU2342652', 19091.0, '22SEE4G8353AB3I157', 1180, '51063627')
2023-02-11 22:14:17,000 - root - DEBUG - ('2GOT001954', 'MSKU3960037', 18975.0, '22SEE4YNB42Y44GN37', 960, '51063628')
2023-02-11 22:14:17,053 - root - DEBUG - ('2GOT001954', 'MRKU8414741', 18988.0, '22SEE4YNB75Y2OAOX6', 960, '51063629')
2023-02-11 22:14:17,115 - root - DEBUG - ('2GOT001944', 'SUDU7669419', 18935.0, '22SEE4T6HB0VOQ4830', 960, '51063630')
2023-02-11 22:14:17,172 - root - DEBUG - ('2GOT001944', 'MSKU2863285', 18939.0, '22SEE4TDIO5GI9CMN7', 960, '51063631')
2023-02-11 22:14:17,223 - root - DEBUG - ('2GOT001944', 'CNIU1158978', 18962.0, '22SEE4TE902MCK43X8', 960, '51063632')
2023-02-11 22:14:17,273 - root - DEBUG - ('2GOT001944', 'TCKU1118853', 18932.0, '22SEE4TDIO1N16E4B1', 960, '51063633')
2023-02-11 22:14:17,332 - root - DEBUG - ('2GOT001944', 'HASU1017880', 18957.0, '22SEE4TEZO2DMNA7R6', 960, '51063634')
2023-02-11 22:14:17,387 - root - DEBUG - ('2GOT001570', 'MRKU7254084', 18961.0, '22SEE3J1ZO4928WON0', 960, '51063635')
2023-02-11 22:14:17,440 - root - DEBUG - ('2GOT001570', 'HASU1206630', 18923.0, '22SEE3JJ2L2LQOCMW0', 960, '51063636')
2023-02-11 22:14:17,573 - root - DEBUG - ('2GOT001499', 'MSKU2453357', 18935.0, '22SEE3KAHP20U44HM7', 960, '51063637')
2023-02-11 22:14:17,614 - root - DEBUG - ('2GOT001499', 'TEMU5104699', 18936.0, '22SEE3PXUJ1GAWG199', 960, '51063638')
2023-02-11 22:14:17,672 - root - DEBUG - ('2GOT001499', 'TRHU3990950', 18945.0, '22SEE3KP2L4WAHMO71', 960, '51063639')
2023-02-11 22:14:17,720 - root - DEBUG - ('2GOT001499', 'MSKU7010618', 18950.0, '22SEE3KP3H2A3P0CM1', 960, '51063640')
2023-02-11 22:14:17,769 - root - DEBUG - ('2GOT001515', 'SUDU7854232', 13660.0, '22SEE3FEEP3X9U0091', 990, '51063641')
2023-02-11 22:14:17,817 - root - DEBUG - ('2GOT001495', 'MRKU8250674', 17194.12, '22SEE3HSLQ5JHA47L2', 1102, '51063642')
2023-02-11 22:14:17,866 - root - DEBUG - ('GOTC03742900', 'NYKU0739094', 18963.6, '22SEE3ZIFQ4MG44LW0', 1279, '51063650')
2023-02-11 22:14:17,915 - root - DEBUG - ('GOTC04603600', 'BEAU2748410', 18015.0, '22SEE4JPR81OCTE777', 1155, '51063653')
2023-02-11 22:14:17,963 - root - DEBUG - ('GOTC09759900', 'TEMU0607983', 15241.62, '22SEE9U6LG22R7W9H0', 974, '51063654')
2023-02-11 22:14:18,013 - root - DEBUG - ('16681775', 'HLXU1352287', 17221.484, '22SEE304YI4UEJ8OC0', 1022, '51063670')
2023-02-11 22:14:18,071 - root - DEBUG - ('GOTC03746600', 'TCLU8843247', 19277.922, '22SEE3XIIN3DTUUIQ4', 1237, '51063688')
2023-02-11 22:14:18,118 - root - DEBUG - ('GOTC04977600', 'NYKU9838101', 17638.0, '22SEE4USDC0X3AEGF3', 1241, '51063724')
2023-02-11 22:14:18,175 - root - DEBUG - ('GOTC04977600', 'TRHU1667682', 15990.934, '22SEE4UQFH4YEKSCE6', 892, '51063725')
2023-02-11 22:14:18,224 - root - DEBUG - ('99118768', 'HLXU1099203', 13425.0, '22SEE3QU8K0LMGGIM8', 680, '51063739')
2023-02-11 22:14:18,273 - root - DEBUG - ('2GOT001573', 'MRSU0111593', 17217.0, '', 984, '51063742')
2023-02-11 22:14:18,328 - root - DEBUG - ('13375182', 'UACU3617098', 14529.444, '22SEE4FYRH5DVYMLD8', 858, '51063745')
2023-02-11 22:14:18,385 - root - DEBUG - ('22948211814', 'TCLU6835371', 17357.0, '22SEE3PVCS0EHCWGD1', 880, '51063746')
2023-02-11 22:14:18,434 - root - DEBUG - ('2GOT001386', 'MRKU7685815', 13013.0, '', 900, '51063747')
2023-02-11 22:14:18,474 - root - DEBUG - ('2GOT002117', 'MRKU6755543', 16659.0, '', 928, '51063748')
2023-02-11 22:14:18,522 - root - DEBUG - ('GOTC02605600', 'TRHU6675398', 19612.0, '22SEE2P71I2GMSCCY0', 1196, '51063811')
2023-02-11 22:14:18,582 - root - DEBUG - ('2GOT002011', 'MRKU7843417', 18960.0, '22SEE4MCNB4YAXYIM8', 960, '51063848')
2023-02-11 22:14:18,638 - root - DEBUG - ('2GOT002011', 'MSKU7368324', 17604.0, '22SEE4LJML1L8IMKD0', 1155, '51063851')
2023-02-11 22:14:18,685 - root - DEBUG - ('2GOT002115', 'SUDU7689288', 15942.0, '22SEE4TLJL1WAF2080', 972, '51063852')
2023-02-11 22:14:18,736 - root - DEBUG - ('2GOT002115', 'MRKU9058990', 19482.0, '22SEE4XHDG3OOQS2Z2', 2016, '51063853')
2023-02-11 22:14:18,785 - root - DEBUG - ('2GOT002115', 'MSKU4134132', 19458.0, '22SEE4YCUT5UROEKC3', 2016, '51063856')
2023-02-11 22:14:18,841 - root - DEBUG - ('2GOT002489', 'HASU1253632', 15945.0, '22SEE5NHKV3H154B53', 972, '51063873')
2023-02-11 22:14:18,890 - root - DEBUG - ('2GOT002489', 'SUDU1817946', 15964.0, '22SEE5NEGT5QG3K2Z7', 972, '51063874')
2023-02-11 22:14:18,947 - root - DEBUG - ('2GOT002489', 'MSKU4111862', 19546.0, '22SEE5NEGO544AM7A0', 2016, '51063875')
2023-02-11 22:14:18,999 - root - DEBUG - ('2GOT002655', 'MSKU3160796', 19568.96, '22SEE5XPS629ZYUQ98', 2016, '51063876')
2023-02-11 22:14:19,050 - root - DEBUG - ('2GOT002489', 'TCLU2388423', 19525.0, '22SEE5N0JF16GMAO04', 2016, '51063877')
2023-02-11 22:14:19,100 - root - DEBUG - ('2GOT002489', 'TEMU1505158', 19561.0, '22SEE5N0JE5XZG68Z1', 2016, '51063880')
2023-02-11 22:14:19,154 - root - DEBUG - ('2GOT002011', 'MSKU5883480', 15919.0, '22SEE4KL652CR5EOF3', 972, '51063881')
2023-02-11 22:14:19,216 - root - DEBUG - ('GOTC02172500', 'TCLU8528327', 18892.786, '22SEE2ETFZ219Y4RM5', 1215, '51063887')
2023-02-11 22:14:19,273 - root - DEBUG - ('GOTC04554400', 'FBIU0345309', 15699.528, '22SEE4GP9V4YI0OM06', 1244, '51063900')
2023-02-11 22:14:19,332 - root - DEBUG - ('GOTC02594600', 'TRHU2568869', 16956.0, '22SEE2UUYT40VNWRO0', 2310, '51063904')
2023-02-11 22:14:19,386 - root - DEBUG - ('GOTC02951300', 'TGBU3282937', 16898.0, '22SEE3EZCL3MX0WM50', 2310, '51063905')
2023-02-11 22:14:19,442 - root - DEBUG - ('GOTC02596800', 'GLDU9335393', 16870.0, '22SEE2P4ND17QVUKJ4', 2310, '51063906')
2023-02-11 22:14:19,498 - root - DEBUG - ('GOTC02953500', 'TRHU1929437', 15713.23, '22SEE30UR859GBEC37', 2167, '51063907')
2023-02-11 22:14:19,551 - root - DEBUG - ('GOTC02593500', 'NYKU9897022', 16891.0, '22SEE2UNC64KT8EHJ8', 2310, '51063908')
2023-02-11 22:14:19,603 - root - DEBUG - ('GOTC02952400', 'TEMU4460463', 16943.0, '22SEE2UIG53305Y307', 2310, '51063910')
2023-02-11 22:14:19,651 - root - DEBUG - ('GOTC02964700', 'FTAU1266016', 16744.0, '22SEE30I7K5VQKSJK5', 2310, '51063911')
2023-02-11 22:14:19,708 - root - DEBUG - ('78129537', 'HLXU3395734', 15430.43, '22SEE3CYQR3B5GAII6', 1225, '51063918')
2023-02-11 22:14:19,757 - root - DEBUG - ('GOTC03951400', 'NYKU3831368', 13527.0, '22SEE3U20Z3SMH0RJ4', 1020, '51063919')
2023-02-11 22:14:19,806 - root - DEBUG - ('GOTC02604500', 'ONEU0328070', 19609.46, '22SEE2RD4A0CH3IQS0', 1175, '51063931')
2023-02-11 22:14:19,871 - root - DEBUG - ('95052793', 'FCIU7339700', 18831.744, '22SEE2DX8Q1HDT0512', 1321, '51063942')
2023-02-11 22:14:19,920 - root - DEBUG - ('GOTC02158900', 'ONEU0287854', 20492.994, '22SEE2EJUT0L0NQKZ0', 987, '51063943')
2023-02-11 22:14:19,986 - root - DEBUG - ('GOTC03744400', 'SEGU5525270', 20316.174, '22SEE435EA3FHWS4J9', 1197, '51063944')
2023-02-11 22:14:20,035 - root - DEBUG - ('2GOT003617', 'MRKU8343632', 16321.2, '22SEE87JB64KF7OLH0', 2310, '51063950')
2023-02-11 22:14:20,086 - root - DEBUG - ('2GOT003614', 'MSKU3121423', 16720.0, '22SEE85R3R10G7QLP8', 1155, '51063951')
2023-02-11 22:14:20,136 - root - DEBUG - ('2GOT003623', 'MRKU9330429', 16721.0, '22SEE83X3Y50O3IBO8', 1155, '51063952')
2023-02-11 22:14:20,183 - root - DEBUG - ('2GOT002941', 'MRKU8560746', 17881.0, '22SEE6P71K0RE2MEJ0', 1155, '51063953')
2023-02-11 22:14:20,226 - root - DEBUG - ('2GOT002950', 'MSKU3419300', 17886.0, '22SEE6PETD4MUN6OR0', 1155, '51063954')
2023-02-11 22:14:20,273 - root - DEBUG - ('2GOT003815', 'MRSU0275766', 17898.98, '22SEE8F0MH31UIIC89', 1155, '51063955')
2023-02-11 22:14:20,328 - root - DEBUG - ('2GOT003825', 'MRKU6995312', 15064.88, '22SEE8EAX019LB8724', 1863, '51063956')
2023-02-11 22:14:20,377 - root - DEBUG - ('2GOT003826', 'MRKU7437737', 17881.0, '22SEE8L0XN0ABK4DW4', 1155, '51063957')
2023-02-11 22:14:20,433 - root - DEBUG - ('2GOT003485', 'TLLU2198150', 16979.0, '22SEE7SCTS5N9A8GN3', 2234, '51063958')
2023-02-11 22:14:20,490 - root - DEBUG - ('2GOT004167', 'HASU1295031', 16907.0, '22SEE96YKY1GJFE3K6', 2310, '51063959')
2023-02-11 22:14:20,538 - root - DEBUG - ('2GOT003099', 'MRKU8048302', 16936.0, '22SEE70JVJ21UG6DD8', 2310, '51063960')
2023-02-11 22:14:20,594 - root - DEBUG - ('2GOT003812', 'MSKU4455997', 16922.0, '22SEE8K21T5B5DQ238', 2310, '51063961')
2023-02-11 22:14:20,649 - root - DEBUG - ('2GOT003101', 'TLLU8275248', 16935.0, '22SEE70J5J0LGKIAZ0', 2310, '51063962')
2023-02-11 22:14:20,694 - root - DEBUG - ('2GOT003821', 'MSKU5936615', 16926.0, '22SEE8L0OG5C648144', 2310, '51063963')
2023-02-11 22:14:20,743 - root - DEBUG - ('2GOT003616', 'TCKU3482648', 16906.0, '22SEE87OK11NPO2DK2', 2310, '51063965')
2023-02-11 22:14:20,792 - root - DEBUG - ('GOTC03296600', 'CAIU9178741', 8013.552, '22SEE35K870L3TWDA0', 400, '51063984')
2023-02-11 22:14:20,853 - root - DEBUG - ('GOTC03296600', 'CAIU9178741', 12268.192, '22SEE35K8A57LW07L8', 667, '51063985')
2023-02-11 22:14:20,907 - root - DEBUG - ('22948211817', 'TRHU2137265', 15660.0, '22SEE3Q05X0RLRU4U0', 812, '51063992')
2023-02-11 22:14:20,955 - root - DEBUG - ('22948211816', 'TCLU2608127', 18313.0, '22SEE3H7ZJ1CNQ83I2', 920, '51063994')
2023-02-11 22:14:21,012 - root - DEBUG - ('2GOT001518', 'MRKU7853879', 15571.85, '22SEE3FTO04TOCGDB0', 1020, '51064008')
2023-02-11 22:14:21,060 - root - DEBUG - ('2GOT003478', 'TGHU1722279', 18133.0, '22SEE7S2NJ2E4SCCA2', 920, '51064009')
2023-02-11 22:14:21,109 - root - DEBUG - ('2GOT003615', 'MRKU7490310', 18140.0, '22SEE864TO021QQMF3', 920, '51064010')
2023-02-11 22:14:21,157 - root - DEBUG - ('2GOT003481', 'MSKU5991037', 18404.0, '22SEE7S4WH34ATOCK0', 920, '51064013')
2023-02-11 22:14:21,214 - root - DEBUG - ('2GOT003484', 'CLHU3592060', 18378.0, '22SEE7SBX10HFK8IH1', 920, '51064014')
2023-02-11 22:14:21,271 - root - DEBUG - ('2GOT003818', 'MRKU7877607', 18476.0, '22SEE8F08H43E18L61', 920, '51064015')
